#
# A fatal error has been detected by the Java Runtime Environment:
#
#  SIGSEGV (0xb) at pc=0x0000000200306109, pid=13437, tid=14851
#
# JRE version: 7.0_25-b15
# Java VM: Java HotSpot(TM) 64-Bit Server VM (23.25-b01 mixed mode bsd-amd64 compressed oops)
# Problematic frame:
# C  [GeForceGLDriver+0x306109]  gldBlitFramebufferData+0x4c1
#
# Failed to write core dump. Core dumps have been disabled. To enable core dumping, try "ulimit -c unlimited" before starting Java again
#
# If you would like to submit a bug report, please visit:
#   http://bugreport.sun.com/bugreport/crash.jsp
#

---------------  T H R E A D  ---------------

Current thread is native thread

siginfo:si_signo=SIGSEGV: si_errno=0, si_code=1 (SEGV_MAPERR), si_addr=0x00000000000478f0

Registers:
RAX=0x0000000000000000, RBX=0x0000000175e85000, RCX=0x00007f9849c0f840, RDX=0x0000000000000005
RSP=0x000000016aaf8d60, RBP=0x000000016aaf8d90, RSI=0x0000000000000000, RDI=0x0000000175e85000
R8 =0x00007f9848e07d30, R9 =0x0000000004c21032, R10=0x0000000000000000, R11=0x0000000004c21032
R12=0x0000000000000000, R13=0x00007f984b112cb0, R14=0x0000000000000000, R15=0x0000000000000000
RIP=0x0000000200306109, EFLAGS=0x0000000000010246, ERR=0x0000000000000004
  TRAPNO=0x000000000000000e

Top of Stack: (sp=0x000000016aaf8d60)
0x000000016aaf8d60:   0000000000000000 0000000175e85000
0x000000016aaf8d70:   0000000000000000 00007f984b112cb0
0x000000016aaf8d80:   0000000175e85000 00007f9849c0f840
0x000000016aaf8d90:   000000016aaf8de0 0000000200305e8e
0x000000016aaf8da0:   00007f9848e0cbf0 0000000000000000
0x000000016aaf8db0:   00007f9848e0cbf0 0000000175e85000
0x000000016aaf8dc0:   0000000000000028 00007f984b112cb0
0x000000016aaf8dd0:   00007f984a2eb400 00007f9849c0f840
0x000000016aaf8de0:   000000016aaf8e00 000000016b4257b8
0x000000016aaf8df0:   0000000000000000 00007f984b104800
0x000000016aaf8e00:   000000016aaf8e40 000000016f41da15
0x000000016aaf8e10:   0000000000000000 0000000000000005
0x000000016aaf8e20:   000000016fe92a48 0000000000000000
0x000000016aaf8e30:   00007f984b104800 0000000000000001
0x000000016aaf8e40:   000000016aaf8e80 000000016f335c38
0x000000016aaf8e50:   0000000000000000 000000016fe92a40
0x000000016aaf8e60:   0000000000000000 00007fff7ee34d48
0x000000016aaf8e70:   00007f984c86ce00 00007fff7ee34d00
0x000000016aaf8e80:   000000016aaf8ea0 00007fff95986356
0x000000016aaf8e90:   00007f9848d00320 00007fff7ee34d40
0x000000016aaf8ea0:   000000016aaf8ec0 00007fff95faa0b6
0x000000016aaf8eb0:   0000000000000001 00007f9848d00320
0x000000016aaf8ec0:   000000016aaf8f00 00007fff95fab1fa
0x000000016aaf8ed0:   00007f9849041038 0000000000000001
0x000000016aaf8ee0:   0000000000000000 0000000000000000
0x000000016aaf8ef0:   000000016aaf9000 0000000000000000
0x000000016aaf8f00:   000000016aaf8f50 00007fff92165cdb
0x000000016aaf8f10:   0000000000000000 00003a0300000000
0x000000016aaf8f20:   0000000000000001 000000016aaf9000
0x000000016aaf8f30:   0000000000000001 0000000000000000
0x000000016aaf8f40:   000000016aaf9000 0000000000000000
0x000000016aaf8f50:   000000016aaf8f78 00007fff92150191 

Instructions: (pc=0x0000000200306109)
0x00000002003060e9:   5e 41 5f 5d c3 55 48 89 e5 41 57 41 56 41 55 41
0x00000002003060f9:   54 53 50 41 89 f6 48 89 fb 4c 8b bb 50 16 00 00
0x0000000200306109:   49 8b b7 f0 78 04 00 48 8b 46 28 48 c7 c1 00 00
0x0000000200306119:   ff ff 48 03 88 a0 16 00 00 48 2b 88 70 16 00 00 

Register to memory mapping:

RAX=0x0000000000000000 is an unknown value
RBX=0x0000000175e85000 is an unknown value
RCX=0x00007f9849c0f840 is an unknown value
RDX=0x0000000000000005 is an unknown value
RSP=0x000000016aaf8d60 is an unknown value
RBP=0x000000016aaf8d90 is an unknown value
RSI=0x0000000000000000 is an unknown value
RDI=0x0000000175e85000 is an unknown value
R8 =0x00007f9848e07d30 is an unknown value
R9 =0x0000000004c21032 is an unknown value
R10=0x0000000000000000 is an unknown value
R11=0x0000000004c21032 is an unknown value
R12=0x0000000000000000 is an unknown value
R13=0x00007f984b112cb0 is an unknown value
R14=0x0000000000000000 is an unknown value
R15=0x0000000000000000 is an unknown value


Stack: [0x000000016aa79000,0x000000016aaf9000],  sp=0x000000016aaf8d60,  free space=511k
Native frames: (J=compiled Java code, j=interpreted, Vv=VM code, C=native code)
C  [GeForceGLDriver+0x306109]  gldBlitFramebufferData+0x4c1
C  [GeForceGLDriver+0x305e8e]  gldBlitFramebufferData+0x246
C  [libGPUSupport.dylib+0x47b8]  gldUnbindFramebuffer+0x22
C  [GLEngine+0x135a15]  gleUnbindAndFreeFramebufferObject+0x6c
C  [GLEngine+0x4dc38]  glDeleteFramebuffersEXT_Exec+0x12f
C  [QuartzCore+0xaa356]  _ZN2CA12_GLOBAL__N_113AsyncDeletion8callbackEPv+0x2e
C  [libdispatch.dylib+0x20b6]  _dispatch_client_callout+0x8
C  [libdispatch.dylib+0x31fa]  _dispatch_worker_thread2+0x130
C  [libsystem_c.dylib+0x16cdb]  _pthread_wqthread+0x194
C  [libsystem_c.dylib+0x1191]  start_wqthread+0xd


---------------  P R O C E S S  ---------------

VM state:not at safepoint (normal execution)

VM Mutex/Monitor currently owned by a thread: None

Heap
 PSYoungGen      total 49472K, used 5542K [0x0000000147e10000, 0x000000014b210000, 0x0000000165960000)
  eden space 45696K, 3% used [0x0000000147e10000,0x0000000147fcca50,0x000000014aab0000)
  from space 3776K, 99% used [0x000000014ae60000,0x000000014b20ce10,0x000000014b210000)
  to   space 3776K, 0% used [0x000000014aab0000,0x000000014aab0000,0x000000014ae60000)
 ParOldGen       total 60864K, used 4860K [0x000000010c760000, 0x00000001102d0000, 0x0000000147e10000)
  object space 60864K, 7% used [0x000000010c760000,0x000000010cc1f378,0x00000001102d0000)
 PSPermGen       total 21248K, used 19029K [0x0000000107560000, 0x0000000108a20000, 0x000000010c760000)
  object space 21248K, 89% used [0x0000000107560000,0x00000001087f55a8,0x0000000108a20000)

Card table byte_map: [0x0000000165960000,0x0000000165c53000] byte_map_base: 0x0000000165125500

Polling page: 0x00000001043f4000

Code Cache  [0x000000010448a000, 0x00000001046fa000, 0x000000010748a000)
 total_blobs=1057 nmethods=264 adapters=745 free_code_cache=47567Kb largest_free_block=48677504

Compilation events (10 events):
Event: 8.111 Thread 0x00007f984a03d800  255             sun.nio.cs.StreamEncoder::writeBytes (132 bytes)
Event: 8.111 Thread 0x00007f984a006000  256   !         java.io.PrintStream::write (69 bytes)
Event: 8.116 Thread 0x00007f984a006000 nmethod 256 0x0000000104612590 code [0x0000000104612720, 0x0000000104612ef8]
Event: 8.121 Thread 0x00007f984a03d800 nmethod 255 0x000000010461bdd0 code [0x000000010461bf80, 0x000000010461c918]
Event: 8.498 Thread 0x00007f984a006000  257             jogamp.opengl.gl4.GL4bcImpl::glTranslatef (43 bytes)
Event: 8.501 Thread 0x00007f984a006000 nmethod 257 0x00000001046120d0 code [0x0000000104612240, 0x00000001046123d8]
Event: 8.729 Thread 0x00007f984a006000  259             jogamp.opengl.gl4.GL4bcImpl::glColor3f (43 bytes)
Event: 8.732 Thread 0x00007f984a006000 nmethod 259 0x000000010457de50 code [0x000000010457dfc0, 0x000000010457e158]
Event: 9.291 Thread 0x00007f984a006000  261             javax.media.opengl.glu.GLU::gluSphere (20 bytes)
Event: 9.297 Thread 0x00007f984a006000 nmethod 261 0x000000010461cfd0 code [0x000000010461d180, 0x000000010461d828]

GC Heap History (8 events):
Event: 3.000 GC heap before
{Heap before GC invocations=1 (full 0):
 PSYoungGen      total 26624K, used 21756K [0x0000000147e10000, 0x0000000149bc0000, 0x0000000165960000)
  eden space 22848K, 95% used [0x0000000147e10000,0x000000014934f020,0x0000000149460000)
  from space 3776K, 0% used [0x0000000149810000,0x0000000149810000,0x0000000149bc0000)
  to   space 3776K, 0% used [0x0000000149460000,0x0000000149460000,0x0000000149810000)
 ParOldGen       total 60864K, used 0K [0x000000010c760000, 0x00000001102d0000, 0x0000000147e10000)
  object space 60864K, 0% used [0x000000010c760000,0x000000010c760000,0x00000001102d0000)
 PSPermGen       total 21248K, used 15798K [0x0000000107560000, 0x0000000108a20000, 0x000000010c760000)
  object space 21248K, 74% used [0x0000000107560000,0x00000001084cd818,0x0000000108a20000)
Event: 3.023 GC heap after
Heap after GC invocations=1 (full 0):
 PSYoungGen      total 26624K, used 3760K [0x0000000147e10000, 0x0000000149bc0000, 0x0000000165960000)
  eden space 22848K, 0% used [0x0000000147e10000,0x0000000147e10000,0x0000000149460000)
  from space 3776K, 99% used [0x0000000149460000,0x000000014980c010,0x0000000149810000)
  to   space 3776K, 0% used [0x0000000149810000,0x0000000149810000,0x0000000149bc0000)
 ParOldGen       total 60864K, used 1646K [0x000000010c760000, 0x00000001102d0000, 0x0000000147e10000)
  object space 60864K, 2% used [0x000000010c760000,0x000000010c8fb9c0,0x00000001102d0000)
 PSPermGen       total 21248K, used 15798K [0x0000000107560000, 0x0000000108a20000, 0x000000010c760000)
  object space 21248K, 74% used [0x0000000107560000,0x00000001084cd818,0x0000000108a20000)
}
Event: 4.176 GC heap before
{Heap before GC invocations=2 (full 0):
 PSYoungGen      total 26624K, used 26608K [0x0000000147e10000, 0x0000000149bc0000, 0x0000000165960000)
  eden space 22848K, 100% used [0x0000000147e10000,0x0000000149460000,0x0000000149460000)
  from space 3776K, 99% used [0x0000000149460000,0x000000014980c010,0x0000000149810000)
  to   space 3776K, 0% used [0x0000000149810000,0x0000000149810000,0x0000000149bc0000)
 ParOldGen       total 60864K, used 1646K [0x000000010c760000, 0x00000001102d0000, 0x0000000147e10000)
  object space 60864K, 2% used [0x000000010c760000,0x000000010c8fb9c0,0x00000001102d0000)
 PSPermGen       total 21248K, used 17560K [0x0000000107560000, 0x0000000108a20000, 0x000000010c760000)
  object space 21248K, 82% used [0x0000000107560000,0x0000000108686038,0x0000000108a20000)
Event: 4.202 GC heap after
Heap after GC invocations=2 (full 0):
 PSYoungGen      total 26624K, used 3747K [0x0000000147e10000, 0x000000014b210000, 0x0000000165960000)
  eden space 22848K, 0% used [0x0000000147e10000,0x0000000147e10000,0x0000000149460000)
  from space 3776K, 99% used [0x0000000149810000,0x0000000149bb8df0,0x0000000149bc0000)
  to   space 3776K, 0% used [0x0000000149460000,0x0000000149460000,0x0000000149810000)
 ParOldGen       total 60864K, used 3867K [0x000000010c760000, 0x00000001102d0000, 0x0000000147e10000)
  object space 60864K, 6% used [0x000000010c760000,0x000000010cb26f00,0x00000001102d0000)
 PSPermGen       total 21248K, used 17560K [0x0000000107560000, 0x0000000108a20000, 0x000000010c760000)
  object space 21248K, 82% used [0x0000000107560000,0x0000000108686038,0x0000000108a20000)
}
Event: 5.022 GC heap before
{Heap before GC invocations=3 (full 0):
 PSYoungGen      total 26624K, used 26595K [0x0000000147e10000, 0x000000014b210000, 0x0000000165960000)
  eden space 22848K, 100% used [0x0000000147e10000,0x0000000149460000,0x0000000149460000)
  from space 3776K, 99% used [0x0000000149810000,0x0000000149bb8df0,0x0000000149bc0000)
  to   space 3776K, 0% used [0x0000000149460000,0x0000000149460000,0x0000000149810000)
 ParOldGen       total 60864K, used 3867K [0x000000010c760000, 0x00000001102d0000, 0x0000000147e10000)
  object space 60864K, 6% used [0x000000010c760000,0x000000010cb26f00,0x00000001102d0000)
 PSPermGen       total 21248K, used 17968K [0x0000000107560000, 0x0000000108a20000, 0x000000010c760000)
  object space 21248K, 84% used [0x0000000107560000,0x00000001086ec360,0x0000000108a20000)
Event: 5.033 GC heap after
Heap after GC invocations=3 (full 0):
 PSYoungGen      total 26624K, used 3765K [0x0000000147e10000, 0x000000014b210000, 0x0000000165960000)
  eden space 22848K, 0% used [0x0000000147e10000,0x0000000147e10000,0x0000000149460000)
  from space 3776K, 99% used [0x0000000149460000,0x000000014980d4e8,0x0000000149810000)
  to   space 3776K, 0% used [0x000000014ae60000,0x000000014ae60000,0x000000014b210000)
 ParOldGen       total 60864K, used 4083K [0x000000010c760000, 0x00000001102d0000, 0x0000000147e10000)
  object space 60864K, 6% used [0x000000010c760000,0x000000010cb5ce20,0x00000001102d0000)
 PSPermGen       total 21248K, used 17968K [0x0000000107560000, 0x0000000108a20000, 0x000000010c760000)
  object space 21248K, 84% used [0x0000000107560000,0x00000001086ec360,0x0000000108a20000)
}
Event: 8.032 GC heap before
{Heap before GC invocations=4 (full 0):
 PSYoungGen      total 26624K, used 26613K [0x0000000147e10000, 0x000000014b210000, 0x0000000165960000)
  eden space 22848K, 100% used [0x0000000147e10000,0x0000000149460000,0x0000000149460000)
  from space 3776K, 99% used [0x0000000149460000,0x000000014980d4e8,0x0000000149810000)
  to   space 3776K, 0% used [0x000000014ae60000,0x000000014ae60000,0x000000014b210000)
 ParOldGen       total 60864K, used 4083K [0x000000010c760000, 0x00000001102d0000, 0x0000000147e10000)
  object space 60864K, 6% used [0x000000010c760000,0x000000010cb5ce20,0x00000001102d0000)
 PSPermGen       total 21248K, used 19012K [0x0000000107560000, 0x0000000108a20000, 0x000000010c760000)
  object space 21248K, 89% used [0x0000000107560000,0x00000001087f1010,0x0000000108a20000)
Event: 8.045 GC heap after
Heap after GC invocations=4 (full 0):
 PSYoungGen      total 49472K, used 3763K [0x0000000147e10000, 0x000000014b210000, 0x0000000165960000)
  eden space 45696K, 0% used [0x0000000147e10000,0x0000000147e10000,0x000000014aab0000)
  from space 3776K, 99% used [0x000000014ae60000,0x000000014b20ce10,0x000000014b210000)
  to   space 3776K, 0% used [0x000000014aab0000,0x000000014aab0000,0x000000014ae60000)
 ParOldGen       total 60864K, used 4860K [0x000000010c760000, 0x00000001102d0000, 0x0000000147e10000)
  object space 60864K, 7% used [0x000000010c760000,0x000000010cc1f378,0x00000001102d0000)
 PSPermGen       total 21248K, used 19012K [0x0000000107560000, 0x0000000108a20000, 0x000000010c760000)
  object space 21248K, 89% used [0x0000000107560000,0x00000001087f1010,0x0000000108a20000)
}

Deoptimization events (10 events):
Event: 2.851 Thread 0x00007f984a001000 Uncommon trap -34 fr.pc 0x0000000104522338
Event: 2.851 Thread 0x00007f984a001000 Uncommon trap -34 fr.pc 0x0000000104522338
Event: 3.110 Thread 0x00007f984918f800 Uncommon trap -34 fr.pc 0x0000000104522338
Event: 3.485 Thread 0x00007f984918f800 Uncommon trap -83 fr.pc 0x000000010455f088
Event: 3.642 Thread 0x00007f984918f800 Uncommon trap -83 fr.pc 0x0000000104581e00
Event: 4.591 Thread 0x00007f984918f800 Uncommon trap 224 fr.pc 0x0000000104599f70
Event: 5.339 Thread 0x00007f984918f800 Uncommon trap -34 fr.pc 0x00000001045c1444
Event: 5.384 Thread 0x00007f984918f800 Uncommon trap -34 fr.pc 0x00000001045c1444
Event: 5.391 Thread 0x00007f984918f800 Uncommon trap -34 fr.pc 0x00000001045c1444
Event: 5.393 Thread 0x00007f984918f800 Uncommon trap -34 fr.pc 0x00000001045c1444

Internal exceptions (10 events):
Event: 5.518 Thread 0x00007f984918f800 Threw 0x00000001493263c8 at /HUDSON/workspace/jdk7u25-2-build-macosx-amd64-product/jdk7u25/hotspot/src/share/vm/prims/jvm.cpp:1235
Event: 5.519 Thread 0x00007f984918f800 Threw 0x0000000149329670 at /HUDSON/workspace/jdk7u25-2-build-macosx-amd64-product/jdk7u25/hotspot/src/share/vm/prims/jvm.cpp:1235
Event: 5.520 Thread 0x00007f984918f800 Threw 0x000000014932bde0 at /HUDSON/workspace/jdk7u25-2-build-macosx-amd64-product/jdk7u25/hotspot/src/share/vm/prims/jvm.cpp:1235
Event: 5.525 Thread 0x00007f984918f800 Threw 0x0000000149330020 at /HUDSON/workspace/jdk7u25-2-build-macosx-amd64-product/jdk7u25/hotspot/src/share/vm/prims/jvm.cpp:1235
Event: 5.526 Thread 0x00007f984918f800 Threw 0x0000000149332f98 at /HUDSON/workspace/jdk7u25-2-build-macosx-amd64-product/jdk7u25/hotspot/src/share/vm/prims/jvm.cpp:1235
Event: 5.566 Thread 0x00007f984918f800 Threw 0x0000000149337138 at /HUDSON/workspace/jdk7u25-2-build-macosx-amd64-product/jdk7u25/hotspot/src/share/vm/prims/jvm.cpp:1235
Event: 5.901 Thread 0x00007f98491c0800 Threw 0x00000001493aa2d0 at /HUDSON/workspace/jdk7u25-2-build-macosx-amd64-product/jdk7u25/hotspot/src/share/vm/prims/jvm.cpp:1235
Event: 10.187 Thread 0x00007f984918f800 Threw 0x0000000147f22500 at /HUDSON/workspace/jdk7u25-2-build-macosx-amd64-product/jdk7u25/hotspot/src/share/vm/prims/jvm.cpp:1235
Event: 10.264 Thread 0x00007f984918f800 Threw 0x0000000147f31b30 at /HUDSON/workspace/jdk7u25-2-build-macosx-amd64-product/jdk7u25/hotspot/src/share/vm/prims/jvm.cpp:1235
Event: 10.265 Thread 0x00007f98491c0800 Threw 0x0000000147ed0c60 at /HUDSON/workspace/jdk7u25-2-build-macosx-amd64-product/jdk7u25/hotspot/src/share/vm/prims/jvm.cpp:1235

Events (10 events):
Event: 8.124 Executing VM operation: BulkRevokeBias
Event: 8.124 Executing VM operation: BulkRevokeBias done
Event: 8.522 Executing VM operation: BulkRevokeBias
Event: 8.522 Executing VM operation: BulkRevokeBias done
Event: 10.187 loading class 0x00007f9849ee03a0
Event: 10.187 loading class 0x00007f9849ee03a0 done
Event: 10.264 loading class 0x00007f9849a5df90
Event: 10.264 loading class 0x00007f9849a5df90 done
Event: 10.265 loading class 0x00007f9849dce090
Event: 10.265 loading class 0x00007f9849dce090 done


Dynamic libraries:
0x000000000dab8000 	/System/Library/Frameworks/Cocoa.framework/Versions/A/Cocoa
0x000000000dab8000 	/System/Library/Frameworks/Security.framework/Versions/A/Security
0x000000000dab8000 	/System/Library/Frameworks/ApplicationServices.framework/Versions/A/ApplicationServices
0x000000000dab8000 	/usr/lib/libz.1.dylib
0x000000000dab8000 	/usr/lib/libSystem.B.dylib
0x000000000dab8000 	/usr/lib/libobjc.A.dylib
0x000000000dab8000 	/System/Library/Frameworks/CoreFoundation.framework/Versions/A/CoreFoundation
0x000000000dab8000 	/System/Library/Frameworks/AppKit.framework/Versions/C/AppKit
0x000000000dab8000 	/System/Library/Frameworks/CoreData.framework/Versions/A/CoreData
0x000000000dab8000 	/System/Library/Frameworks/Foundation.framework/Versions/C/Foundation
0x000000000dab8000 	/System/Library/PrivateFrameworks/RemoteViewServices.framework/Versions/A/RemoteViewServices
0x000000000dab8000 	/System/Library/Frameworks/AudioToolbox.framework/Versions/A/AudioToolbox
0x000000000dab8000 	/System/Library/Frameworks/AudioUnit.framework/Versions/A/AudioUnit
0x000000000dab8000 	/System/Library/PrivateFrameworks/DataDetectorsCore.framework/Versions/A/DataDetectorsCore
0x000000000dab8000 	/System/Library/PrivateFrameworks/DesktopServicesPriv.framework/Versions/A/DesktopServicesPriv
0x000000000dab8000 	/System/Library/Frameworks/Carbon.framework/Versions/A/Frameworks/HIToolbox.framework/Versions/A/HIToolbox
0x000000000dab8000 	/System/Library/Frameworks/QuartzCore.framework/Versions/A/QuartzCore
0x000000000dab8000 	/System/Library/Frameworks/Carbon.framework/Versions/A/Frameworks/SpeechRecognition.framework/Versions/A/SpeechRecognition
0x000000000dab8000 	/usr/lib/libauto.dylib
0x000000000dab8000 	/usr/lib/libicucore.A.dylib
0x000000000dab8000 	/usr/lib/libxml2.2.dylib
0x000000000dab8000 	/System/Library/PrivateFrameworks/CoreUI.framework/Versions/A/CoreUI
0x000000000dab8000 	/System/Library/Frameworks/CoreAudio.framework/Versions/A/CoreAudio
0x000000000dab8000 	/System/Library/Frameworks/DiskArbitration.framework/Versions/A/DiskArbitration
0x000000000dab8000 	/usr/lib/liblangid.dylib
0x000000000dab8000 	/System/Library/PrivateFrameworks/MultitouchSupport.framework/Versions/A/MultitouchSupport
0x000000000dab8000 	/System/Library/Frameworks/IOKit.framework/Versions/A/IOKit
0x000000000dab8000 	/usr/lib/libDiagnosticMessagesClient.dylib
0x000000000dab8000 	/System/Library/Frameworks/CoreServices.framework/Versions/A/CoreServices
0x000000000dab8000 	/System/Library/PrivateFrameworks/PerformanceAnalysis.framework/Versions/A/PerformanceAnalysis
0x000000000dab8000 	/System/Library/PrivateFrameworks/GenerationalStorage.framework/Versions/A/GenerationalStorage
0x000000000dab8000 	/System/Library/Frameworks/OpenGL.framework/Versions/A/OpenGL
0x000000000dab8000 	/System/Library/Frameworks/CoreText.framework/Versions/A/CoreText
0x000000000dab8000 	/System/Library/Frameworks/ImageIO.framework/Versions/A/ImageIO
0x000000000dab8000 	/System/Library/PrivateFrameworks/Backup.framework/Versions/A/Backup
0x000000000dab8000 	/System/Library/Frameworks/CFNetwork.framework/Versions/A/CFNetwork
0x000000000dab8000 	/System/Library/Frameworks/SystemConfiguration.framework/Versions/A/SystemConfiguration
0x000000000dab8000 	/usr/lib/libCRFSuite.dylib
0x000000000dab8000 	/System/Library/PrivateFrameworks/TCC.framework/Versions/A/TCC
0x000000000dab8000 	/usr/lib/libc++.1.dylib
0x000000000dab8000 	/usr/lib/libc++abi.dylib
0x000000000dab8000 	/usr/lib/system/libcache.dylib
0x000000000dab8000 	/usr/lib/system/libcommonCrypto.dylib
0x000000000dab8000 	/usr/lib/system/libcompiler_rt.dylib
0x000000000dab8000 	/usr/lib/system/libcopyfile.dylib
0x000000000dab8000 	/usr/lib/system/libdispatch.dylib
0x000000000dab8000 	/usr/lib/system/libdnsinfo.dylib
0x000000000dab8000 	/usr/lib/system/libdyld.dylib
0x000000000dab8000 	/usr/lib/system/libkeymgr.dylib
0x000000000dab8000 	/usr/lib/system/liblaunch.dylib
0x000000000dab8000 	/usr/lib/system/libmacho.dylib
0x000000000dab8000 	/usr/lib/system/libquarantine.dylib
0x000000000dab8000 	/usr/lib/system/libremovefile.dylib
0x000000000dab8000 	/usr/lib/system/libsystem_blocks.dylib
0x000000000dab8000 	/usr/lib/system/libsystem_c.dylib
0x000000000dab8000 	/usr/lib/system/libsystem_dnssd.dylib
0x000000000dab8000 	/usr/lib/system/libsystem_info.dylib
0x000000000dab8000 	/usr/lib/system/libsystem_kernel.dylib
0x000000000dab8000 	/usr/lib/system/libsystem_m.dylib
0x000000000dab8000 	/usr/lib/system/libsystem_network.dylib
0x000000000dab8000 	/usr/lib/system/libsystem_notify.dylib
0x000000000dab8000 	/usr/lib/system/libsystem_sandbox.dylib
0x000000000dab8000 	/usr/lib/system/libunc.dylib
0x000000000dab8000 	/usr/lib/system/libunwind.dylib
0x000000000dab8000 	/usr/lib/system/libxpc.dylib
0x000000000dab8000 	/usr/lib/system/libcorecrypto.dylib
0x000000000dab8000 	/usr/lib/libstdc++.6.dylib
0x000000000dab8000 	/usr/lib/libbsm.0.dylib
0x000000000dab8000 	/usr/lib/libsqlite3.dylib
0x000000000dab8000 	/usr/lib/libxar.1.dylib
0x000000000dab8000 	/usr/lib/libpam.2.dylib
0x000000000dab8000 	/usr/lib/libOpenScriptingUtil.dylib
0x000000000dab8000 	/usr/lib/libbz2.1.0.dylib
0x000000000dab8000 	/System/Library/Frameworks/CoreServices.framework/Versions/A/Frameworks/CarbonCore.framework/Versions/A/CarbonCore
0x000000000dab8000 	/System/Library/Frameworks/CoreServices.framework/Versions/A/Frameworks/Metadata.framework/Versions/A/Metadata
0x000000000dab8000 	/System/Library/Frameworks/CoreServices.framework/Versions/A/Frameworks/OSServices.framework/Versions/A/OSServices
0x000000000dab8000 	/System/Library/Frameworks/CoreServices.framework/Versions/A/Frameworks/SearchKit.framework/Versions/A/SearchKit
0x000000000dab8000 	/System/Library/Frameworks/CoreServices.framework/Versions/A/Frameworks/AE.framework/Versions/A/AE
0x000000000dab8000 	/System/Library/Frameworks/CoreServices.framework/Versions/A/Frameworks/LaunchServices.framework/Versions/A/LaunchServices
0x000000000dab8000 	/System/Library/Frameworks/CoreServices.framework/Versions/A/Frameworks/DictionaryServices.framework/Versions/A/DictionaryServices
0x000000000dab8000 	/System/Library/Frameworks/NetFS.framework/Versions/A/NetFS
0x000000000dab8000 	/usr/lib/system/libkxld.dylib
0x000000000dab8000 	/System/Library/PrivateFrameworks/NetAuth.framework/Versions/A/NetAuth
0x000000000dab8000 	/System/Library/Frameworks/OpenDirectory.framework/Versions/A/Frameworks/CFOpenDirectory.framework/Versions/A/CFOpenDirectory
0x000000000dab8000 	/usr/lib/libxslt.1.dylib
0x000000000dab8000 	/System/Library/PrivateFrameworks/FamilyControls.framework/Versions/A/FamilyControls
0x000000000dab8000 	/System/Library/Frameworks/Carbon.framework/Versions/A/Frameworks/Ink.framework/Versions/A/Ink
0x000000000dab8000 	/System/Library/Frameworks/ApplicationServices.framework/Versions/A/Frameworks/CoreGraphics.framework/Versions/A/CoreGraphics
0x000000000dab8000 	/System/Library/Frameworks/ApplicationServices.framework/Versions/A/Frameworks/ATS.framework/Versions/A/ATS
0x000000000dab8000 	/System/Library/Frameworks/ApplicationServices.framework/Versions/A/Frameworks/ColorSync.framework/Versions/A/ColorSync
0x000000000dab8000 	/System/Library/Frameworks/ApplicationServices.framework/Versions/A/Frameworks/HIServices.framework/Versions/A/HIServices
0x000000000dab8000 	/System/Library/Frameworks/ApplicationServices.framework/Versions/A/Frameworks/LangAnalysis.framework/Versions/A/LangAnalysis
0x000000000dab8000 	/System/Library/Frameworks/ApplicationServices.framework/Versions/A/Frameworks/PrintCore.framework/Versions/A/PrintCore
0x000000000dab8000 	/System/Library/Frameworks/ApplicationServices.framework/Versions/A/Frameworks/QD.framework/Versions/A/QD
0x000000000dab8000 	/System/Library/Frameworks/ApplicationServices.framework/Versions/A/Frameworks/SpeechSynthesis.framework/Versions/A/SpeechSynthesis
0x000000000dab8000 	/System/Library/Frameworks/IOSurface.framework/Versions/A/IOSurface
0x000000000dab8000 	/System/Library/Frameworks/Accelerate.framework/Versions/A/Accelerate
0x000000000dab8000 	/System/Library/Frameworks/ApplicationServices.framework/Versions/A/Frameworks/ATS.framework/Versions/A/Resources/libFontParser.dylib
0x000000000dab8000 	/System/Library/Frameworks/ApplicationServices.framework/Versions/A/Frameworks/ATS.framework/Versions/A/Resources/libFontRegistry.dylib
0x000000000dab8000 	/System/Library/Frameworks/Accelerate.framework/Versions/A/Frameworks/vImage.framework/Versions/A/vImage
0x000000000dab8000 	/System/Library/Frameworks/Accelerate.framework/Versions/A/Frameworks/vecLib.framework/Versions/A/vecLib
0x000000000dab8000 	/System/Library/Frameworks/Accelerate.framework/Versions/A/Frameworks/vecLib.framework/Versions/A/libvDSP.dylib
0x000000000dab8000 	/System/Library/Frameworks/Accelerate.framework/Versions/A/Frameworks/vecLib.framework/Versions/A/libvMisc.dylib
0x000000000dab8000 	/System/Library/Frameworks/Accelerate.framework/Versions/A/Frameworks/vecLib.framework/Versions/A/libLAPACK.dylib
0x000000000dab8000 	/System/Library/Frameworks/Accelerate.framework/Versions/A/Frameworks/vecLib.framework/Versions/A/libBLAS.dylib
0x000000000dab8000 	/System/Library/Frameworks/ImageIO.framework/Versions/A/Resources/libJPEG.dylib
0x000000000dab8000 	/System/Library/Frameworks/ImageIO.framework/Versions/A/Resources/libTIFF.dylib
0x000000000dab8000 	/System/Library/Frameworks/ImageIO.framework/Versions/A/Resources/libPng.dylib
0x000000000dab8000 	/System/Library/Frameworks/ImageIO.framework/Versions/A/Resources/libGIF.dylib
0x000000000dab8000 	/System/Library/Frameworks/ImageIO.framework/Versions/A/Resources/libJP2.dylib
0x000000000dab8000 	/System/Library/Frameworks/ImageIO.framework/Versions/A/Resources/libRadiance.dylib
0x000000000dab8000 	/usr/lib/libcups.2.dylib
0x000000000dab8000 	/System/Library/Frameworks/Kerberos.framework/Versions/A/Kerberos
0x000000000dab8000 	/System/Library/Frameworks/GSS.framework/Versions/A/GSS
0x000000000dab8000 	/usr/lib/libresolv.9.dylib
0x000000000dab8000 	/usr/lib/libiconv.2.dylib
0x000000000dab8000 	/System/Library/PrivateFrameworks/Heimdal.framework/Versions/A/Heimdal
0x000000000dab8000 	/System/Library/PrivateFrameworks/TrustEvaluationAgent.framework/Versions/A/TrustEvaluationAgent
0x000000000dab8000 	/System/Library/Frameworks/OpenDirectory.framework/Versions/A/OpenDirectory
0x000000000dab8000 	/System/Library/PrivateFrameworks/CommonAuth.framework/Versions/A/CommonAuth
0x000000000dab8000 	/System/Library/PrivateFrameworks/Bom.framework/Versions/A/Bom
0x000000000dab8000 	/System/Library/Frameworks/CoreVideo.framework/Versions/A/CoreVideo
0x000000000dab8000 	/System/Library/Frameworks/QuartzCore.framework/Versions/A/Frameworks/CoreImage.framework/Versions/A/CoreImage
0x000000000dab8000 	/System/Library/Frameworks/QuartzCore.framework/Versions/A/Frameworks/ScalableUserInterface.framework/Versions/A/ScalableUserInterface
0x000000000dab8000 	/System/Library/Frameworks/OpenGL.framework/Versions/A/Libraries/libGLU.dylib
0x000000000dab8000 	/System/Library/Frameworks/OpenGL.framework/Versions/A/Libraries/libGFXShared.dylib
0x000000000dab8000 	/System/Library/Frameworks/OpenGL.framework/Versions/A/Libraries/libGL.dylib
0x000000000dab8000 	/System/Library/Frameworks/OpenGL.framework/Versions/A/Libraries/libGLImage.dylib
0x000000000dab8000 	/System/Library/Frameworks/OpenGL.framework/Versions/A/Libraries/libCVMSPluginSupport.dylib
0x000000000dab8000 	/System/Library/Frameworks/OpenGL.framework/Versions/A/Libraries/libCoreVMClient.dylib
0x000000000dab8000 	/System/Library/PrivateFrameworks/CrashReporterSupport.framework/Versions/A/CrashReporterSupport
0x000000000dab8000 	/System/Library/Frameworks/OpenCL.framework/Versions/A/OpenCL
0x000000000dab8000 	/System/Library/PrivateFrameworks/FaceCoreLight.framework/Versions/A/FaceCoreLight
0x000000000dab8000 	/System/Library/PrivateFrameworks/AppleFSCompression.framework/Versions/A/AppleFSCompression
0x000000000dab8000 	/System/Library/PrivateFrameworks/Ubiquity.framework/Versions/A/Ubiquity
0x000000000dab8000 	/System/Library/Frameworks/ServiceManagement.framework/Versions/A/ServiceManagement
0x000000000dab8000 	/System/Library/PrivateFrameworks/ChunkingLibrary.framework/Versions/A/ChunkingLibrary
0x000000000dab8000 	/System/Library/Frameworks/vecLib.framework/Versions/A/vecLib
0x000000000dab8000 	/System/Library/Frameworks/SecurityFoundation.framework/Versions/A/SecurityFoundation
0x000000000dab8000 	/System/Library/PrivateFrameworks/CommerceKit.framework/Versions/A/Frameworks/CommerceCore.framework/Versions/A/CommerceCore
0x000000000dab8000 	/System/Library/PrivateFrameworks/CoreSymbolication.framework/Versions/A/CoreSymbolication
0x000000000dab8000 	/System/Library/PrivateFrameworks/Symbolication.framework/Versions/A/Symbolication
0x000000000dab8000 	/System/Library/PrivateFrameworks/DebugSymbols.framework/Versions/A/DebugSymbols
0x000000010380b000 	/Library/Java/JavaVirtualMachines/jdk1.7.0_25.jdk/Contents/Home/jre/lib/server/libjvm.dylib
0x00000001043b7000 	/Library/Java/JavaVirtualMachines/jdk1.7.0_25.jdk/Contents/Home/jre/lib/libverify.dylib
0x00000001043c4000 	/Library/Java/JavaVirtualMachines/jdk1.7.0_25.jdk/Contents/Home/jre/lib/libjava.dylib
0x0000000104481000 	/Library/Java/JavaVirtualMachines/jdk1.7.0_25.jdk/Contents/Home/jre/lib/libzip.dylib
0x000000016aa32000 	/System/Library/Frameworks/JavaVM.framework/Frameworks/JavaRuntimeSupport.framework/JavaRuntimeSupport
0x000000016aa4a000 	/System/Library/Frameworks/JavaVM.framework/Versions/A/Frameworks/JavaNativeFoundation.framework/Versions/A/JavaNativeFoundation
0x000000016aa5f000 	/System/Library/Frameworks/JavaVM.framework/Versions/A/JavaVM
0x000000000dab8000 	/System/Library/Frameworks/Carbon.framework/Versions/A/Carbon
0x000000016aa6c000 	/System/Library/PrivateFrameworks/JavaLaunching.framework/Versions/A/JavaLaunching
0x000000000dab8000 	/System/Library/Frameworks/Carbon.framework/Versions/A/Frameworks/CommonPanels.framework/Versions/A/CommonPanels
0x000000000dab8000 	/System/Library/Frameworks/Carbon.framework/Versions/A/Frameworks/Help.framework/Versions/A/Help
0x000000000dab8000 	/System/Library/Frameworks/Carbon.framework/Versions/A/Frameworks/ImageCapture.framework/Versions/A/ImageCapture
0x000000000dab8000 	/System/Library/Frameworks/Carbon.framework/Versions/A/Frameworks/OpenScripting.framework/Versions/A/OpenScripting
0x000000000dab8000 	/System/Library/Frameworks/Carbon.framework/Versions/A/Frameworks/Print.framework/Versions/A/Print
0x000000000dab8000 	/System/Library/Frameworks/Carbon.framework/Versions/A/Frameworks/SecurityHI.framework/Versions/A/SecurityHI
0x000000016b232000 	/Library/Java/JavaVirtualMachines/jdk1.7.0_25.jdk/Contents/Home/jre/lib/libnet.dylib
0x000000016b28f000 	/Library/Java/JavaVirtualMachines/jdk1.7.0_25.jdk/Contents/Home/jre/lib/libnio.dylib
0x000000016b29e000 	/private/var/folders/d_/7rgh4v5s4qv6qxwwcyqg73840000gn/T/jogamp_0000/file_cache/jln627124772680739443/jln2737403838584036339/libgluegen-rt.jnilib
0x000000016b4ec000 	/Library/Java/JavaVirtualMachines/jdk1.7.0_25.jdk/Contents/Home/jre/lib/libawt.dylib
0x000000016b59c000 	/Library/Java/JavaVirtualMachines/jdk1.7.0_25.jdk/Contents/Home/jre/lib/./libmlib_image.dylib
0x000000016b668000 	/Library/Java/JavaVirtualMachines/jdk1.7.0_25.jdk/Contents/Home/jre/lib/lwawt/liblwawt.dylib
0x000000016b71b000 	/Library/Java/JavaVirtualMachines/jdk1.7.0_25.jdk/Contents/Home/jre/lib/libosxapp.dylib
0x000000016b38e000 	/System/Library/Frameworks/ExceptionHandling.framework/Versions/A/ExceptionHandling
0x000000000dab8000 	/System/Library/PrivateFrameworks/CoreServicesInternal.framework/Versions/A/CoreServicesInternal
0x000000000dab8000 	/System/Library/PrivateFrameworks/Librarian.framework/Versions/A/Librarian
0x000000000dab8000 	/System/Library/Frameworks/ApplicationServices.framework/Versions/A/Frameworks/CoreGraphics.framework/Versions/A/Resources/libCSync.A.dylib
0x000000000dab8000 	/System/Library/Frameworks/ApplicationServices.framework/Versions/A/Frameworks/CoreGraphics.framework/Versions/A/Resources/libRIP.A.dylib
0x000000000dab8000 	/System/Library/Frameworks/ApplicationServices.framework/Versions/A/Frameworks/CoreGraphics.framework/Versions/A/Resources/libCGXType.A.dylib
0x000000016b3a2000 	/Library/Java/JavaVirtualMachines/jdk1.7.0_25.jdk/Contents/Home/jre/lib/libfontmanager.dylib
0x000000016b40c000 	/private/var/folders/d_/7rgh4v5s4qv6qxwwcyqg73840000gn/T/jogamp_0000/file_cache/jln627124772680739443/jln2737403838584036339/libnativewindow_awt.jnilib
0x000000016b410000 	/Library/Java/JavaVirtualMachines/jdk1.7.0_25.jdk/Contents/Home/jre/lib/libjawt.dylib
0x000000016b413000 	/private/var/folders/d_/7rgh4v5s4qv6qxwwcyqg73840000gn/T/jogamp_0000/file_cache/jln627124772680739443/jln2737403838584036339/libnativewindow_macosx.jnilib
0x000000016f229000 	/private/var/folders/d_/7rgh4v5s4qv6qxwwcyqg73840000gn/T/jogamp_0000/file_cache/jln627124772680739443/jln2737403838584036339/libjogl_desktop.jnilib
0x000000016f2e8000 	/System/Library/Frameworks/OpenGL.framework/Resources/GLEngine.bundle/GLEngine
0x000000016f4dd000 	/System/Library/Frameworks/OpenGL.framework/Versions/A/Libraries/libGLProgrammability.dylib
0x0000000000000000 	/System/Library/Extensions/GeForceGLDriver.bundle/Contents/MacOS/GeForceGLDriver
0x000000016b421000 	/System/Library/PrivateFrameworks/GPUSupport.framework/Versions/A/Libraries/libGPUSupport.dylib
0x000000000dab8000 	/System/Library/Extensions/GeForceGLDriver.bundle/Contents/MacOS/libclh.dylib
0x000000016b436000 	/System/Library/Frameworks/OpenGL.framework/Resources//GLRendererFloat.bundle/GLRendererFloat
0x000000016b46a000 	/System/Library/Frameworks/OpenCL.framework/Versions/A/Libraries/libcldcpuengine.dylib
0x000000000dab8000 	/System/Library/PrivateFrameworks/DiskImages.framework/Versions/A/DiskImages
0x000000000dab8000 	/System/Library/Frameworks/DiscRecording.framework/Versions/A/DiscRecording
0x000000000dab8000 	/usr/lib/libcurl.4.dylib
0x000000000dab8000 	/System/Library/PrivateFrameworks/MediaKit.framework/Versions/A/MediaKit
0x000000000dab8000 	/usr/lib/libssl.0.9.8.dylib
0x000000000dab8000 	/usr/lib/libcrypto.0.9.8.dylib
0x000000000dab8000 	/System/Library/Frameworks/LDAP.framework/Versions/A/LDAP
0x000000000dab8000 	/usr/lib/libsasl2.2.dylib
0x000000016cc76000 	/Library/Java/JavaVirtualMachines/jdk1.7.0_25.jdk/Contents/Home/jre/lib/libosxui.dylib
0x0000000170a91000 	cl_kernels
0x00000001714d3000 	/System/Library/Frameworks/OpenCL.framework/Versions/A/Libraries/ImageFormats/unorm8_bgra.dylib
0x0000000170c30000 	cl_kernels
0x00000001768a5000 	/Library/Java/JavaVirtualMachines/jdk1.7.0_25.jdk/Contents/Home/jre/lib/libjpeg.dylib
0x000000000dab8000 	/System/Library/Frameworks/ApplicationServices.framework/Versions/A/Frameworks/ATS.framework/Versions/A/Resources/libTrueTypeScaler.dylib

VM Arguments:
jvm_args: -Djava.library.path=/Users/trandianat/git/Game2013/src/Libs:/Users/trandianat/git/Game2013/src/Libs:/Users/trandianat/git/Game2013/src/Libs -Dfile.encoding=US-ASCII 
java_command: game.BatsEverywhere
Launcher Type: SUN_STANDARD

Environment Variables:
PATH=/usr/bin:/bin:/usr/sbin:/sbin
SHELL=/bin/bash
DISPLAY=/tmp/launch-nZ3cwp/org.macosforge.xquartz:0

Signal Handlers:
SIGSEGV: [libjvm.dylib+0x4a820f], sa_mask[0]=0xfffefeff, sa_flags=0x00000042
SIGBUS: [libjvm.dylib+0x4a820f], sa_mask[0]=0xfffefeff, sa_flags=0x00000042
SIGFPE: [libjvm.dylib+0x3b7495], sa_mask[0]=0xfffefeff, sa_flags=0x00000042
SIGPIPE: [libjvm.dylib+0x3b7495], sa_mask[0]=0xfffefeff, sa_flags=0x00000042
SIGXFSZ: [libjvm.dylib+0x3b7495], sa_mask[0]=0xfffefeff, sa_flags=0x00000042
SIGILL: [libjvm.dylib+0x3b7495], sa_mask[0]=0xfffefeff, sa_flags=0x00000042
SIGUSR1: SIG_DFL, sa_mask[0]=0x00000000, sa_flags=0x00000002
SIGUSR2: [libjvm.dylib+0x3b702e], sa_mask[0]=0x00000004, sa_flags=0x00000042
SIGHUP: [libjvm.dylib+0x3b528f], sa_mask[0]=0xfffefeff, sa_flags=0x00000042
SIGINT: [libjvm.dylib+0x3b528f], sa_mask[0]=0xfffefeff, sa_flags=0x00000042
SIGTERM: [libjvm.dylib+0x3b528f], sa_mask[0]=0xfffefeff, sa_flags=0x00000042
SIGQUIT: [libjvm.dylib+0x3b528f], sa_mask[0]=0xfffefeff, sa_flags=0x00000042


---------------  S Y S T E M  ---------------

OS:Bsduname:Darwin 12.5.0 Darwin Kernel Version 12.5.0: Sun Sep 29 13:33:47 PDT 2013; root:xnu-2050.48.12~1/RELEASE_X86_64 x86_64
rlimit: STACK 8192k, CORE 0k, NPROC 709, NOFILE 10240, AS infinity
load average:1.20 0.97 0.84

CPU:total 2 (2 cores per cpu, 1 threads per core) family 6 model 23 stepping 10, cmov, cx8, fxsr, mmx, sse, sse2, sse3, ssse3, sse4.1, tsc

Memory: 4k page, physical 5836860k(1459215k free)

/proc/meminfo:


vm_info: Java HotSpot(TM) 64-Bit Server VM (23.25-b01) for bsd-amd64 JRE (1.7.0_25-b15), built on Jun  5 2013 22:26:36 by "java_re" with gcc 4.2.1 (Based on Apple Inc. build 5658) (LLVM build 2336.11.00)

time: Tue Dec 10 13:40:33 2013
elapsed time: 10 seconds

